$ NODE_OPTIONS='--max-old-space-size=8192' next start -p $PORT
▲ Next.js 16.2.6
- Local:         http://localhost:4002
- Network:       http://172.30.1.100:4002
✓ Ready in 115ms
⨯ Error: API returned invalid payload for /api/map-of-tarkov/v3/detail/SHORELINE
    at c (.next/server/chunks/ssr/eft-library-front_12zmkru._.js:1:3574)
    at async l (.next/server/chunks/ssr/[root-of-the-server]__0dpu8hv._.js:1:21218) {
  digest: '1189533242'
}
⨯ Error: API returned invalid payload for /api/map-of-tarkov/v3/detail/INTERCHANGE
    at c (.next/server/chunks/ssr/eft-library-front_12zmkru._.js:1:3574)
    at async l (.next/server/chunks/ssr/[root-of-the-server]__0dpu8hv._.js:1:21218) {
  digest: '1911708794'
}
(node:316266) [DEP0169] DeprecationWarning: `url.parse()` behavior is not standardized and prone to errors that have security implications. Use the WHATWG URL API instead. CVEs are not issued for `url.parse()` vulnerabilities.
(Use `node --trace-deprecation ...` to show where the warning was created)
⨯ Error: API returned invalid payload for /api/map-of-tarkov/v3/detail/INTERCHANGE
    at c (.next/server/chunks/ssr/eft-library-front_12zmkru._.js:1:3574)
    at async l (.next/server/chunks/ssr/[root-of-the-server]__0dpu8hv._.js:1:21218) {
  digest: '1911708794'
}
⨯ Error: API request failed: 410 Gone
    at c (.next/server/chunks/ssr/eft-library-front_12zmkru._.js:1:3459)
    at async m (.next/server/chunks/ssr/[root-of-the-server]__0w9hb64._.js:1:15633) {
  digest: '3362435961'
}
The width(-1) and height(-1) of chart should be greater than 0,
       please check the style of container, or the props width(100%) and height(100%),
       or add a minWidth(0) or minHeight(undefined) or use aspect(undefined) to control the
       height and width.
The width(-1) and height(-1) of chart should be greater than 0,
       please check the style of container, or the props width(100%) and height(100%),
       or add a minWidth(0) or minHeight(undefined) or use aspect(undefined) to control the
       height and width.
The width(-1) and height(-1) of chart should be greater than 0,
       please check the style of container, or the props width(100%) and height(100%),
       or add a minWidth(0) or minHeight(undefined) or use aspect(undefined) to control the
       height and width.
The width(-1) and height(-1) of chart should be greater than 0,
       please check the style of container, or the props width(100%) and height(100%),
       or add a minWidth(0) or minHeight(undefined) or use aspect(undefined) to control the
       height and width.
The width(-1) and height(-1) of chart should be greater than 0,
       please check the style of container, or the props width(100%) and height(100%),
       or add a minWidth(0) or minHeight(undefined) or use aspect(undefined) to control the
       height and width.
The width(-1) and height(-1) of chart should be greater than 0,
       please check the style of container, or the props width(100%) and height(100%),
       or add a minWidth(0) or minHeight(undefined) or use aspect(undefined) to control the
       height and width.
The width(-1) and height(-1) of chart should be greater than 0,
       please check the style of container, or the props width(100%) and height(100%),
       or add a minWidth(0) or minHeight(undefined) or use aspect(undefined) to control the
       height and width.
The width(-1) and height(-1) of chart should be greater than 0,
       please check the style of container, or the props width(100%) and height(100%),
       or add a minWidth(0) or minHeight(undefined) or use aspect(undefined) to control the
       height and width.
The width(-1) and height(-1) of chart should be greater than 0,
       please check the style of container, or the props width(100%) and height(100%),
       or add a minWidth(0) or minHeight(undefined) or use aspect(undefined) to control the
       height and width.
The width(-1) and height(-1) of chart should be greater than 0,
       please check the style of container, or the props width(100%) and height(100%),
       or add a minWidth(0) or minHeight(undefined) or use aspect(undefined) to control the
       height and width.
The width(-1) and height(-1) of chart should be greater than 0,
       please check the style of container, or the props width(100%) and height(100%),
       or add a minWidth(0) or minHeight(undefined) or use aspect(undefined) to control the
       height and width.
The width(-1) and height(-1) of chart should be greater than 0,
       please check the style of container, or the props width(100%) and height(100%),
       or add a minWidth(0) or minHeight(undefined) or use aspect(undefined) to control the
       height and width.
The width(-1) and height(-1) of chart should be greater than 0,
       please check the style of container, or the props width(100%) and height(100%),
       or add a minWidth(0) or minHeight(undefined) or use aspect(undefined) to control the
       height and width.
The width(-1) and height(-1) of chart should be greater than 0,
       please check the style of container, or the props width(100%) and height(100%),
       or add a minWidth(0) or minHeight(undefined) or use aspect(undefined) to control the
       height and width.
The width(-1) and height(-1) of chart should be greater than 0,
       please check the style of container, or the props width(100%) and height(100%),
       or add a minWidth(0) or minHeight(undefined) or use aspect(undefined) to control the
       height and width.
⨯ Error: API returned invalid payload for /api/map-of-tarkov/v3/detail/CUSTOMS
    at c (.next/server/chunks/ssr/eft-library-front_12zmkru._.js:1:3574)
    at async l (.next/server/chunks/ssr/[root-of-the-server]__0dpu8hv._.js:1:21218) {
  digest: '506337018'
}
⨯ Error: API returned invalid payload for /api/quest/v3/detail/to-great-heights-part-1
    at c (.next/server/chunks/ssr/eft-library-front_12zmkru._.js:1:3574)
    at async i (.next/server/chunks/ssr/[root-of-the-server]__0g~-qe6._.js:1:11764) {
  digest: '3940567907'
}
The width(-1) and height(-1) of chart should be greater than 0,
       please check the style of container, or the props width(100%) and height(100%),
       or add a minWidth(0) or minHeight(undefined) or use aspect(undefined) to control the
       height and width.
The width(-1) and height(-1) of chart should be greater than 0,
       please check the style of container, or the props width(100%) and height(100%),
       or add a minWidth(0) or minHeight(undefined) or use aspect(undefined) to control the
       height and width.
The width(-1) and height(-1) of chart should be greater than 0,
       please check the style of container, or the props width(100%) and height(100%),
       or add a minWidth(0) or minHeight(undefined) or use aspect(undefined) to control the
       height and width.
⨯ upstream image response failed for https://image.eftlibrary.com/tkl_extraction/lighthouse/northern_checkpoint.webp 400
⨯ Error: API returned invalid payload for /api/item/v3/info/twitch-icebreaker-2026-case-rar-2
    at c (.next/server/chunks/ssr/eft-library-front_12zmkru._.js:1:3574)
    at async aq (.next/server/chunks/ssr/eft-library-front_app_item_info_[id]_page_tsx_0x~3.8h._.js:1:77041) {
  digest: '1131350899'
}
⨯ Error: API returned invalid payload for /api/item/v3/info/twitch-icebreaker-2026-case-rar-17
    at c (.next/server/chunks/ssr/eft-library-front_12zmkru._.js:1:3574)
    at async aq (.next/server/chunks/ssr/eft-library-front_app_item_info_[id]_page_tsx_0x~3.8h._.js:1:77041) {
  digest: '3245186547'
}
⨯ Error: API returned invalid payload for /api/item/v3/info/twitch-icebreaker-2026-case-rar-9
    at c (.next/server/chunks/ssr/eft-library-front_12zmkru._.js:1:3574)
    at async aq (.next/server/chunks/ssr/eft-library-front_app_item_info_[id]_page_tsx_0x~3.8h._.js:1:77041) {
  digest: '4040537811'
}
⨯ Error: API returned invalid payload for /api/item/v3/info/twitch-icebreaker-2026-case-rar-18
    at c (.next/server/chunks/ssr/eft-library-front_12zmkru._.js:1:3574)
    at async aq (.next/server/chunks/ssr/eft-library-front_app_item_info_[id]_page_tsx_0x~3.8h._.js:1:77041) {
  digest: '4208761011'
}
